Log file open, 12/23/17 14:12:40
LogWindows: Failed to load 'aqProf.dll' (GetLastError=126)
LogWindows: File 'aqProf.dll' does not exist
LogWindows: Failed to load 'VSPerf140.dll' (GetLastError=126)
LogWindows: File 'VSPerf140.dll' does not exist
LogWindows: Failed to load 'VtuneApi.dll' (GetLastError=126)
LogWindows: File 'VtuneApi.dll' does not exist
LogWindows: Failed to load 'VtuneApi32e.dll' (GetLastError=126)
LogWindows: File 'VtuneApi32e.dll' does not exist
LogInit: Display: Running engine for game: DDProjektGit
LogPlatformFile: Not using cached read wrapper
LogInit: Display: RandInit(548368390) SRandInit(548368391).
LogInit: Read version file with build ID '3709383'
LogInit: Overriding engine version to CL 3794801, compatible CL 3709383
LogInit: Registered custom module enumerator with build ID '3709383'
LogTaskGraph: Started task graph with 5 named threads and 8 total threads with 3 sets of task threads.
LogStats: Stats thread started at 0.173110
LogD3D11RHI: Aftermath initialized
LogModuleManager: Display: Found up-to-date module file ../../../Engine/Plugins/2D/Paper2D/Binaries/Win64/UE4Editor-Paper2D.dll (API version 3709383).
LogModuleManager: Display: Found up-to-date module file ../../../Engine/Plugins/2D/Paper2D/Binaries/Win64/UE4Editor-Paper2DEditor.dll (API version 3709383).
LogModuleManager: Display: Found up-to-date module file ../../../Engine/Plugins/2D/Paper2D/Binaries/Win64/UE4Editor-PaperSpriteSheetImporter.dll (API version 3709383).
LogModuleManager: Display: Found up-to-date module file ../../../Engine/Plugins/2D/Paper2D/Binaries/Win64/UE4Editor-PaperTiledImporter.dll (API version 3709383).
LogModuleManager: Display: Found up-to-date module file ../../../Engine/Plugins/2D/Paper2D/Binaries/Win64/UE4Editor-SmartSnapping.dll (API version 3709383).
LogModuleManager: Display: Found up-to-date module file ../../../Engine/Plugins/Blendables/LightPropagationVolume/Binaries/Win64/UE4Editor-LightPropagationVolumeRuntime.dll (API version 3709383).
LogModuleManager: Display: Found up-to-date module file ../../../Engine/Plugins/Blendables/LightPropagationVolume/Binaries/Win64/UE4Editor-LightPropagationVolumeEditor.dll (API version 3709383).
LogModuleManager: Display: Found up-to-date module file ../../../Engine/Plugins/Developer/GitSourceControl/Binaries/Win64/UE4Editor-GitSourceControl.dll (API version 3709383).
LogModuleManager: Display: Found up-to-date module file ../../../Engine/Plugins/Developer/PerforceSourceControl/Binaries/Win64/UE4Editor-PerforceSourceControl.dll (API version 3709383).
LogModuleManager: Display: Found up-to-date module file ../../../Engine/Plugins/Developer/SubversionSourceControl/Binaries/Win64/UE4Editor-SubversionSourceControl.dll (API version 3709383).
LogModuleManager: Display: Found up-to-date module file ../../../Engine/Plugins/Developer/UObjectPlugin/Binaries/Win64/UE4Editor-UObjectPlugin.dll (API version 3709383).
LogModuleManager: Display: Found up-to-date module file ../../../Engine/Plugins/Developer/VisualStudioCodeSourceCodeAccess/Binaries/Win64/UE4Editor-VisualStudioCodeSourceCodeAccess.dll (API version 3709383).
LogModuleManager: Display: Found up-to-date module file ../../../Engine/Plugins/Developer/VisualStudioSourceCodeAccess/Binaries/Win64/UE4Editor-VisualStudioSourceCodeAccess.dll (API version 3709383).
LogModuleManager: Display: Found up-to-date module file ../../../Engine/Plugins/Editor/AssetManagerEditor/Binaries/Win64/UE4Editor-AssetManagerEditor.dll (API version 3709383).
LogModuleManager: Display: Found up-to-date module file ../../../Engine/Plugins/Editor/AudioCapture/Binaries/Win64/UE4Editor-AudioCapture.dll (API version 3709383).
LogModuleManager: Display: Found up-to-date module file ../../../Engine/Plugins/Editor/FacialAnimation/Binaries/Win64/UE4Editor-FacialAnimation.dll (API version 3709383).
LogModuleManager: Display: Found up-to-date module file ../../../Engine/Plugins/Editor/FacialAnimation/Binaries/Win64/UE4Editor-FacialAnimationEditor.dll (API version 3709383).
LogModuleManager: Display: Found up-to-date module file ../../../Engine/Plugins/Editor/GameplayTagsEditor/Binaries/Win64/UE4Editor-GameplayTagsEditor.dll (API version 3709383).
LogModuleManager: Display: Found up-to-date module file ../../../Engine/Plugins/Editor/MobileLauncherProfileWizard/Binaries/Win64/UE4Editor-MobileLauncherProfileWizard.dll (API version 3709383).
LogModuleManager: Display: Found up-to-date module file ../../../Engine/Plugins/Editor/PluginBrowser/Binaries/Win64/UE4Editor-PluginBrowser.dll (API version 3709383).
LogModuleManager: Display: Found up-to-date module file ../../../Engine/Plugins/Editor/SpeedTreeImporter/Binaries/Win64/UE4Editor-SpeedTreeImporter.dll (API version 3709383).
LogModuleManager: Display: Found up-to-date module file ../../../Engine/Plugins/Experimental/AlembicImporter/Binaries/Win64/UE4Editor-AlembicImporter.dll (API version 3709383).
LogModuleManager: Display: Found up-to-date module file ../../../Engine/Plugins/Experimental/AlembicImporter/Binaries/Win64/UE4Editor-AlembicLibrary.dll (API version 3709383).
LogModuleManager: Display: Found up-to-date module file ../../../Engine/Plugins/Experimental/CharacterAI/Binaries/Win64/UE4Editor-CharacterAI.dll (API version 3709383).
LogModuleManager: Display: Found up-to-date module file ../../../Engine/Plugins/Experimental/HTML5Networking/Binaries/Win64/UE4Editor-HTML5Networking.dll (API version 3709383).
LogModuleManager: Display: Found up-to-date module file ../../../Engine/Plugins/Media/AndroidMedia/Binaries/Win64/UE4Editor-AndroidMediaEditor.dll (API version 3709383).
LogModuleManager: Display: Found up-to-date module file ../../../Engine/Plugins/Media/AndroidMedia/Binaries/Win64/UE4Editor-AndroidMediaFactory.dll (API version 3709383).
LogModuleManager: Display: Found up-to-date module file ../../../Engine/Plugins/Media/AvfMedia/Binaries/Win64/UE4Editor-AvfMediaEditor.dll (API version 3709383).
LogModuleManager: Display: Found up-to-date module file ../../../Engine/Plugins/Media/AvfMedia/Binaries/Win64/UE4Editor-AvfMediaFactory.dll (API version 3709383).
LogModuleManager: Display: Found up-to-date module file ../../../Engine/Plugins/Media/AvfMedia/Binaries/Win64/UE4Editor-AvfMediaFactory.dll (API version 3709383).
LogModuleManager: Display: Found up-to-date module file ../../../Engine/Plugins/Media/ImgMedia/Binaries/Win64/UE4Editor-ImgMedia.dll (API version 3709383).
LogModuleManager: Display: Found up-to-date module file ../../../Engine/Plugins/Media/ImgMedia/Binaries/Win64/UE4Editor-ImgMediaEditor.dll (API version 3709383).
LogModuleManager: Display: Found up-to-date module file ../../../Engine/Plugins/Media/ImgMedia/Binaries/Win64/UE4Editor-ImgMediaFactory.dll (API version 3709383).
LogModuleManager: Display: Found up-to-date module file ../../../Engine/Plugins/Media/ImgMedia/Binaries/Win64/UE4Editor-ImgMediaFactory.dll (API version 3709383).
LogModuleManager: Display: Found up-to-date module file ../../../Engine/Plugins/Media/ImgMedia/Binaries/Win64/UE4Editor-OpenExrWrapper.dll (API version 3709383).
LogModuleManager: Display: Found up-to-date module file ../../../Engine/Plugins/Media/MediaCompositing/Binaries/Win64/UE4Editor-MediaCompositing.dll (API version 3709383).
LogModuleManager: Display: Found up-to-date module file ../../../Engine/Plugins/Media/MediaCompositing/Binaries/Win64/UE4Editor-MediaCompositingEditor.dll (API version 3709383).
LogModuleManager: Display: Found up-to-date module file ../../../Engine/Plugins/Media/MediaPlayerEditor/Binaries/Win64/UE4Editor-MediaPlayerEditor.dll (API version 3709383).
LogModuleManager: Display: Found up-to-date module file ../../../Engine/Plugins/Media/WmfMedia/Binaries/Win64/UE4Editor-WmfMedia.dll (API version 3709383).
LogModuleManager: Display: Found up-to-date module file ../../../Engine/Plugins/Media/WmfMedia/Binaries/Win64/UE4Editor-WmfMediaEditor.dll (API version 3709383).
LogModuleManager: Display: Found up-to-date module file ../../../Engine/Plugins/Media/WmfMedia/Binaries/Win64/UE4Editor-WmfMediaFactory.dll (API version 3709383).
LogModuleManager: Display: Found up-to-date module file ../../../Engine/Plugins/Media/WmfMedia/Binaries/Win64/UE4Editor-WmfMediaFactory.dll (API version 3709383).
LogModuleManager: Display: Found up-to-date module file ../../../Engine/Plugins/Messaging/TcpMessaging/Binaries/Win64/UE4Editor-TcpMessaging.dll (API version 3709383).
LogModuleManager: Display: Found up-to-date module file ../../../Engine/Plugins/Messaging/UdpMessaging/Binaries/Win64/UE4Editor-UdpMessaging.dll (API version 3709383).
LogModuleManager: Display: Found up-to-date module file ../../../Engine/Plugins/MovieScene/ActorSequence/Binaries/Win64/UE4Editor-ActorSequence.dll (API version 3709383).
LogModuleManager: Display: Found up-to-date module file ../../../Engine/Plugins/MovieScene/LevelSequenceEditor/Binaries/Win64/UE4Editor-LevelSequenceEditor.dll (API version 3709383).
LogModuleManager: Display: Found up-to-date module file ../../../Engine/Plugins/MovieScene/MatineeToLevelSequence/Binaries/Win64/UE4Editor-MatineeToLevelSequence.dll (API version 3709383).
LogModuleManager: Display: Found up-to-date module file ../../../Engine/Plugins/Online/OnlineSubsystem/Binaries/Win64/UE4Editor-OnlineSubsystem.dll (API version 3709383).
LogModuleManager: Display: Found up-to-date module file ../../../Engine/Plugins/Runtime/AndroidPermission/Binaries/Win64/UE4Editor-AndroidPermission.dll (API version 3709383).
LogModuleManager: Display: Found up-to-date module file ../../../Engine/Plugins/Online/OnlineSubsystemNull/Binaries/Win64/UE4Editor-OnlineSubsystemNull.dll (API version 3709383).
LogModuleManager: Display: Found up-to-date module file ../../../Engine/Plugins/Online/OnlineSubsystemUtils/Binaries/Win64/UE4Editor-OnlineSubsystemUtils.dll (API version 3709383).
LogModuleManager: Display: Found up-to-date module file ../../../Engine/Plugins/Online/OnlineSubsystemUtils/Binaries/Win64/UE4Editor-OnlineBlueprintSupport.dll (API version 3709383).
LogModuleManager: Display: Found up-to-date module file ../../../Engine/Plugins/Runtime/AndroidDeviceProfileSelector/Binaries/Win64/UE4Editor-AndroidDeviceProfileSelector.dll (API version 3709383).
LogModuleManager: Display: Found up-to-date module file ../../../Engine/Plugins/Runtime/AppleARKit/Binaries/Win64/UE4Editor-AppleARKit.dll (API version 3709383).
LogModuleManager: Display: Found up-to-date module file ../../../Engine/Plugins/Runtime/ArchVisCharacter/Binaries/Win64/UE4Editor-ArchVisCharacter.dll (API version 3709383).
LogModuleManager: Display: Found up-to-date module file ../../../Engine/Plugins/Runtime/CableComponent/Binaries/Win64/UE4Editor-CableComponent.dll (API version 3709383).
LogModuleManager: Display: Found up-to-date module file ../../../Engine/Plugins/Runtime/CustomMeshComponent/Binaries/Win64/UE4Editor-CustomMeshComponent.dll (API version 3709383).
LogModuleManager: Display: Found up-to-date module file ../../../Engine/Plugins/Runtime/ExampleDeviceProfileSelector/Binaries/Win64/UE4Editor-ExampleDeviceProfileSelector.dll (API version 3709383).
LogModuleManager: Display: Found up-to-date module file ../../../Engine/Plugins/Runtime/ImmediatePhysics/Binaries/Win64/UE4Editor-ImmediatePhysics.dll (API version 3709383).
LogModuleManager: Display: Found up-to-date module file ../../../Engine/Plugins/Runtime/ImmediatePhysics/Binaries/Win64/UE4Editor-ImmediatePhysicsEditor.dll (API version 3709383).
LogModuleManager: Display: Found up-to-date module file ../../../Engine/Plugins/Runtime/LocationServicesBPLibrary/Binaries/Win64/UE4Editor-LocationServicesBPLibrary.dll (API version 3709383).
LogModuleManager: Display: Found up-to-date module file ../../../Engine/Plugins/Runtime/MobilePatchingUtils/Binaries/Win64/UE4Editor-MobilePatchingUtils.dll (API version 3709383).
LogModuleManager: Display: Found up-to-date module file ../../../Engine/Plugins/Runtime/Oculus/OculusVR/Binaries/Win64/UE4Editor-OculusHMD.dll (API version 3709383).
LogModuleManager: Display: Found up-to-date module file ../../../Engine/Plugins/Runtime/Oculus/OculusVR/Binaries/Win64/UE4Editor-OculusInput.dll (API version 3709383).
LogModuleManager: Display: Found up-to-date module file ../../../Engine/Plugins/Runtime/Oculus/OculusVR/Binaries/Win64/UE4Editor-OculusEditor.dll (API version 3709383).
LogModuleManager: Display: Found up-to-date module file ../../../Engine/Plugins/Runtime/PhysXVehicles/Binaries/Win64/UE4Editor-PhysXVehicles.dll (API version 3709383).
LogModuleManager: Display: Found up-to-date module file ../../../Engine/Plugins/Runtime/PhysXVehicles/Binaries/Win64/UE4Editor-PhysXVehiclesEditor.dll (API version 3709383).
LogModuleManager: Display: Found up-to-date module file ../../../Engine/Plugins/Runtime/ProceduralMeshComponent/Binaries/Win64/UE4Editor-ProceduralMeshComponent.dll (API version 3709383).
LogModuleManager: Display: Found up-to-date module file ../../../Engine/Plugins/Runtime/ProceduralMeshComponent/Binaries/Win64/UE4Editor-ProceduralMeshComponentEditor.dll (API version 3709383).
LogModuleManager: Display: Found up-to-date module file ../../../Engine/Plugins/Runtime/RuntimePhysXCooking/Binaries/Win64/UE4Editor-RuntimePhysXCooking.dll (API version 3709383).
LogModuleManager: Display: Found up-to-date module file ../../../Engine/Plugins/Runtime/Steam/SteamVR/Binaries/Win64/UE4Editor-SteamVR.dll (API version 3709383).
LogModuleManager: Display: Found up-to-date module file ../../../Engine/Plugins/Runtime/Steam/SteamVR/Binaries/Win64/UE4Editor-SteamVRController.dll (API version 3709383).
LogModuleManager: Display: Found up-to-date module file ../../../Engine/Plugins/Runtime/WindowsMoviePlayer/Binaries/Win64/UE4Editor-WindowsMoviePlayer.dll (API version 3709383).
LogPluginManager: Mounting plugin Paper2D
LogPluginManager: Mounting plugin LightPropagationVolume
LogPluginManager: Mounting plugin CodeLiteSourceCodeAccess
LogPluginManager: Mounting plugin GitSourceControl
LogPluginManager: Mounting plugin KDevelopSourceCodeAccess
LogPluginManager: Mounting plugin NullSourceCodeAccess
LogPluginManager: Mounting plugin PerforceSourceControl
LogPluginManager: Mounting plugin SubversionSourceControl
LogPluginManager: Mounting plugin UObjectPlugin
LogPluginManager: Mounting plugin VisualStudioCodeSourceCodeAccess
LogPluginManager: Mounting plugin VisualStudioSourceCodeAccess
LogPluginManager: Mounting plugin XCodeSourceCodeAccess
LogPluginManager: Mounting plugin AssetManagerEditor
LogPluginManager: Mounting plugin AudioCapture
LogPluginManager: Mounting plugin FacialAnimation
LogPluginManager: Mounting plugin GameplayTagsEditor
LogPluginManager: Mounting plugin MobileLauncherProfileWizard
LogPluginManager: Mounting plugin PluginBrowser
LogPluginManager: Mounting plugin SpeedTreeImporter
LogPluginManager: Mounting plugin AlembicImporter
LogPluginManager: Mounting plugin CharacterAI
LogPluginManager: Mounting plugin HTML5Networking
LogPluginManager: Mounting plugin AndroidMedia
LogPluginManager: Mounting plugin AvfMedia
LogPluginManager: Mounting plugin ImgMedia
LogPluginManager: Mounting plugin MediaCompositing
LogPluginManager: Mounting plugin MediaPlayerEditor
LogPluginManager: Mounting plugin WmfMedia
LogPluginManager: Mounting plugin TcpMessaging
LogPluginManager: Mounting plugin UdpMessaging
LogPluginManager: Mounting plugin ActorSequence
LogPluginManager: Mounting plugin LevelSequenceEditor
LogPluginManager: Mounting plugin MatineeToLevelSequence
LogPluginManager: Mounting plugin OnlineSubsystemGooglePlay
LogPluginManager: Mounting plugin OnlineSubsystemIOS
LogPluginManager: Mounting plugin OnlineSubsystem
LogPluginManager: Mounting plugin OnlineSubsystemNull
LogPluginManager: Mounting plugin OnlineSubsystemUtils
LogPluginManager: Mounting plugin AndroidDeviceProfileSelector
LogPluginManager: Mounting plugin AndroidMoviePlayer
LogPluginManager: Mounting plugin AndroidPermission
LogPluginManager: Mounting plugin AppleARKit
LogPluginManager: Mounting plugin AppleMoviePlayer
LogPluginManager: Mounting plugin ArchVisCharacter
LogPluginManager: Mounting plugin CableComponent
LogPluginManager: Mounting plugin CustomMeshComponent
LogPluginManager: Mounting plugin ExampleDeviceProfileSelector
LogPluginManager: Mounting plugin GoogleCloudMessaging
LogPluginManager: Mounting plugin ImmediatePhysics
LogPluginManager: Mounting plugin IOSDeviceProfileSelector
LogPluginManager: Mounting plugin LinuxDeviceProfileSelector
LogPluginManager: Mounting plugin LocationServicesBPLibrary
LogPluginManager: Mounting plugin MobilePatchingUtils
LogPluginManager: Mounting plugin OculusVR
LogPluginManager: Plugin shader directory ../../../Engine/Plugins/Runtime/Oculus/OculusVR/Shaders found
LogPluginManager: Mapping shader source directory ../../../Engine/Plugins/Runtime/Oculus/OculusVR/Shaders to virtual directory /Plugin/OculusVR
LogPluginManager: Mounting plugin PhysXVehicles
LogPluginManager: Mounting plugin ProceduralMeshComponent
LogPluginManager: Mounting plugin RuntimePhysXCooking
LogPluginManager: Mounting plugin SteamVR
LogPluginManager: Mounting plugin WindowsMoviePlayer
LogInit: Using libcurl 7.47.1
LogInit:  - built for x86_64-pc-win32
LogInit:  - supports SSL with OpenSSL/1.0.2g
LogInit:  - supports HTTP deflate (compression) using libz 1.2.8
LogInit:  - other features:
LogInit:      CURL_VERSION_SSL
LogInit:      CURL_VERSION_LIBZ
LogInit:      CURL_VERSION_IPV6
LogInit:      CURL_VERSION_ASYNCHDNS
LogInit:      CURL_VERSION_LARGEFILE
LogInit:      CURL_VERSION_IDN
LogInit:  CurlRequestOptions (configurable via config and command line):
LogInit:  - bVerifyPeer = false  - Libcurl will NOT verify peer certificate
LogInit:  - bUseHttpProxy = false  - Libcurl will NOT use HTTP proxy
LogInit:  - bDontReuseConnections = false  - Libcurl will reuse connections
LogInit:  - CertBundlePath = nullptr  - Libcurl will use whatever was configured at build time.
LogInit: Build: ++UE4+Release-4.18-CL-3794801
LogInit: Engine Version: 4.18.2-3794801+++UE4+Release-4.18
LogInit: Compatible Engine Version: 4.18.0-3709383+++UE4+Release-4.18
LogInit: Net CL: 3709383
LogDevObjectVersion: Number of dev versions registered: 16
LogDevObjectVersion:   Dev-Blueprints (B0D832E4-1F89-4F0D-ACCF-7EB736FD4AA2): 10
LogDevObjectVersion:   Dev-Build (E1C64328-A22C-4D53-A36C-8E866417BD8C): 0
LogDevObjectVersion:   Dev-Core (375EC13C-06E4-48FB-B500-84F0262A717E): 2
LogDevObjectVersion:   Dev-Editor (E4B068ED-F494-42E9-A231-DA0B2E46BB41): 20
LogDevObjectVersion:   Dev-Framework (CFFC743F-43B0-4480-9391-14DF171D2073): 30
LogDevObjectVersion:   Dev-Mobile (B02B49B5-BB20-44E9-A304-32B752E40360): 0
LogDevObjectVersion:   Dev-Networking (A4E4105C-59A1-49B5-A7C5-40C4547EDFEE): 0
LogDevObjectVersion:   Dev-Online (39C831C9-5AE6-47DC-9A44-9C173E1C8E7C): 0
LogDevObjectVersion:   Dev-Physics (78F01B33-EBEA-4F98-B9B4-84EACCB95AA2): 0
LogDevObjectVersion:   Dev-Platform (6631380F-2D4D-43E0-8009-CF276956A95A): 0
LogDevObjectVersion:   Dev-Rendering (12F88B9F-8875-4AFC-A67C-D90C383ABD29): 20
LogDevObjectVersion:   Dev-Sequencer (7B5AE74C-D270-4C10-A958-57980B212A5A): 4
LogDevObjectVersion:   Dev-VR (D7296918-1DD6-4BDD-9DE2-64A83CC13884): 0
LogDevObjectVersion:   Dev-LoadTimes (C2A15278-BFE7-4AFE-6C17-90FF531DF755): 1
LogDevObjectVersion:   Private-Geometry (6EACA3D4-40EC-4CC1-B786-8BED09428FC5): 1
LogDevObjectVersion:   Dev-AnimPhys (29E575DD-E0A3-4627-9D10-D276232CDCEA): 12
LogInit: Compiled (64-bit): Dec  8 2017 02:04:53
LogInit: Compiled with Visual C++: 19.00.24215.01
LogInit: Build Configuration: Development
LogInit: Branch Name: ++UE4+Release-4.18
LogInit: Command line: -EpicPortal 
LogInit: Base directory: F:/Program Files/Epic Games/UE_4.18/Engine/Binaries/Win64/
LogInit: Installed Engine Build: 1
LogInit: Presizing for max 8388607 objects, including 0 objects not considered by GC, pre-allocating 0 bytes for permanent pool.
LogInit: Object subsystem initialized
[2017.12.23-13.12.42:611][  0]LogInit: Selected Device Profile: [Windows]
[2017.12.23-13.12.42:612][  0]LogInit: Applying CVar settings loaded from the selected device profile: [Windows]
[2017.12.23-13.12.42:622][  0]LogInit: Computer: DESKTOP-VM8QVPN
[2017.12.23-13.12.42:622][  0]LogInit: User: holmr
[2017.12.23-13.12.42:622][  0]LogInit: CPU Page size=4096, Cores=2
[2017.12.23-13.12.42:622][  0]LogInit: High frequency timer resolution =4.191604 MHz
[2017.12.23-13.12.42:623][  0]LogMemory: Memory total: Physical=22.0GB (22GB approx)
[2017.12.23-13.12.42:623][  0]LogMemory: Platform Memory Stats for Windows
[2017.12.23-13.12.42:623][  0]LogMemory: Process Physical Memory: 273.66 MB used, 273.66 MB peak
[2017.12.23-13.12.42:623][  0]LogMemory: Process Virtual Memory: 269.28 MB used, 269.28 MB peak
[2017.12.23-13.12.42:623][  0]LogMemory: Physical Memory: 8042.68 MB used,  14444.23 MB free, 22486.91 MB total
[2017.12.23-13.12.42:623][  0]LogMemory: Virtual Memory: 674.00 MB used,  14444.23 MB free, 134217728.00 MB total
[2017.12.23-13.12.42:814][  0]LogInit: Using OS detected language (de-DE).
[2017.12.23-13.12.42:814][  0]LogInit: Using OS detected locale (de-DE).
[2017.12.23-13.12.42:817][  0]LogTextLocalizationManager: No localization for 'de-DE' exists, so 'en' will be used for the language.
[2017.12.23-13.12.42:817][  0]LogTextLocalizationManager: No localization for 'de-DE' exists, so 'en' will be used for the locale.
[2017.12.23-13.12.43:338][  0]LogInit: Setting process to per monitor DPI aware
[2017.12.23-13.12.43:660][  0]LogD3D11RHI: D3D11 adapters:
[2017.12.23-13.12.43:724][  0]LogD3D11RHI:    0. 'NVIDIA GeForce GTX 760' (Feature Level 11_0)
[2017.12.23-13.12.43:724][  0]LogD3D11RHI:       2017/0/11243 MB DedicatedVideo/DedicatedSystem/SharedSystem, Outputs:2, VendorId:0x10de
[2017.12.23-13.12.43:745][  0]LogD3D11RHI:    1. 'AMD Radeon(TM) R7 Graphics' (Feature Level 11_0)
[2017.12.23-13.12.43:745][  0]LogD3D11RHI:       2015/0/11243 MB DedicatedVideo/DedicatedSystem/SharedSystem, Outputs:0, VendorId:0x1002
[2017.12.23-13.12.43:748][  0]LogD3D11RHI:    2. 'Microsoft Basic Render Driver' (Feature Level 11_0)
[2017.12.23-13.12.43:748][  0]LogD3D11RHI:       0/0/11243 MB DedicatedVideo/DedicatedSystem/SharedSystem, Outputs:0, VendorId:0x1414
[2017.12.23-13.12.43:748][  0]LogD3D11RHI: Chosen D3D11 Adapter: 0
[2017.12.23-13.12.43:760][  0]LogD3D11RHI: Creating new Direct3DDevice
[2017.12.23-13.12.43:760][  0]LogD3D11RHI:     GPU DeviceId: 0x1187 (for the marketing name, search the web for "GPU Device Id")
[2017.12.23-13.12.43:760][  0]LogWindows: EnumDisplayDevices:
[2017.12.23-13.12.43:761][  0]LogWindows:    0. 'NVIDIA GeForce GTX 760' (P:1 D:1)
[2017.12.23-13.12.43:761][  0]LogWindows:    1. 'NVIDIA GeForce GTX 760' (P:0 D:1)
[2017.12.23-13.12.43:761][  0]LogWindows:    2. 'NVIDIA GeForce GTX 760' (P:0 D:0)
[2017.12.23-13.12.43:761][  0]LogWindows:    3. 'NVIDIA GeForce GTX 760' (P:0 D:0)
[2017.12.23-13.12.43:761][  0]LogWindows:    4. 'AMD Radeon(TM) R7 Graphics' (P:0 D:0)
[2017.12.23-13.12.43:762][  0]LogWindows:    5. 'AMD Radeon(TM) R7 Graphics' (P:0 D:0)
[2017.12.23-13.12.43:762][  0]LogWindows:    6. 'AMD Radeon(TM) R7 Graphics' (P:0 D:0)
[2017.12.23-13.12.43:762][  0]LogWindows:    7. 'AMD Radeon(TM) R7 Graphics' (P:0 D:0)
[2017.12.23-13.12.43:762][  0]LogWindows: DebugString: GetVideoDriverDetailsInvalid PrimaryIsNotTheChoosenAdapter GetVideoDriverDetailsInvalid PrimaryIsNotTheChoosenAdapter GetVideoDriverDetailsInvalid PrimaryIsNotTheChoosenAdapter GetVideoDriverDetailsInvalid PrimaryIsNotTheChoosenAdapter GetVideoDriverDetailsInvalid PrimaryIsNotTheChoosenAdapter GetVideoDriverDetailsInvalid PrimaryIsNotTheChoosenAdapter GetVideoDriverDetailsInvalid PrimaryIsNotTheChoosenAdapter GetVideoDriverDetailsInvalid PrimaryIsNotTheChoosenAdapter FoundDriverCount:0 
[2017.12.23-13.12.43:762][  0]LogD3D11RHI:     Adapter Name: NVIDIA GeForce GTX 760
[2017.12.23-13.12.43:762][  0]LogD3D11RHI:   Driver Version: Unknown (internal:Unknown, unified:Unknown)
[2017.12.23-13.12.43:762][  0]LogD3D11RHI:      Driver Date: Unknown
[2017.12.23-13.12.43:762][  0]LogRHI: Texture pool is 1412 MB (70% of 2017 MB)
[2017.12.23-13.12.43:804][  0]LogD3D11RHI: Async texture creation enabled
[2017.12.23-13.12.43:820][  0]LogD3D11RHI: GPU Timing Frequency: 1000.000000 (Debug: 2 1)
[2017.12.23-13.12.43:873][  0]LogShaderCompilers: Guid format shader working directory is -24 characters bigger than the processId version (../../../../../../Unreal Projects/GitDDProjekt/DDProjekt/DDProjektGit/Intermediate/Shaders/WorkingDirectory/13076/).
[2017.12.23-13.12.43:873][  0]LogShaderCompilers: Cleaned the shader compiler working directory 'C:/Users/holmr/AppData/Local/Temp/UnrealShaderWorkingDir/973E334B43F905006FC3FBB4CCEB7DCA/'.
[2017.12.23-13.12.43:873][  0]LogShaderCompilers: Display: Using Local Shader Compiler.
[2017.12.23-13.12.45:243][  0]LogTemp: Display: Loaded TP AllDesktopTargetPlatform
[2017.12.23-13.12.45:310][  0]LogTemp: Display: Loaded TP MacClientTargetPlatform
[2017.12.23-13.12.45:378][  0]LogTemp: Display: Loaded TP MacNoEditorTargetPlatform
[2017.12.23-13.12.45:446][  0]LogTemp: Display: Loaded TP MacServerTargetPlatform
[2017.12.23-13.12.45:516][  0]LogTemp: Display: Loaded TP MacTargetPlatform
[2017.12.23-13.12.45:582][  0]LogTemp: Display: Loaded TP WindowsClientTargetPlatform
[2017.12.23-13.12.45:650][  0]LogTemp: Display: Loaded TP WindowsNoEditorTargetPlatform
[2017.12.23-13.12.45:718][  0]LogTemp: Display: Loaded TP WindowsServerTargetPlatform
[2017.12.23-13.12.45:778][  0]LogTemp: Display: Loaded TP WindowsTargetPlatform
[2017.12.23-13.12.45:845][  0]LogTemp: Display: Loaded TP Android_ASTCTargetPlatform
[2017.12.23-13.12.45:909][  0]LogTemp: Display: Loaded TP Android_ATCTargetPlatform
[2017.12.23-13.12.45:973][  0]LogTemp: Display: Loaded TP Android_DXTTargetPlatform
[2017.12.23-13.12.46:041][  0]LogTemp: Display: Loaded TP Android_ETC1TargetPlatform
[2017.12.23-13.12.46:107][  0]LogTemp: Display: Loaded TP Android_ETC2TargetPlatform
[2017.12.23-13.12.46:248][  0]LogTemp: Display: Loaded TP Android_MultiTargetPlatform
[2017.12.23-13.12.46:248][  0]LogTemp: Display: Loaded TP Android_PVRTCTargetPlatform
[2017.12.23-13.12.46:313][  0]LogTemp: Display: Loaded TP AndroidTargetPlatform
[2017.12.23-13.12.46:365][  0]LogTemp: Display: Loaded TP HTML5TargetPlatform
[2017.12.23-13.12.46:475][  0]LogTemp: Display: Loaded TP IOSTargetPlatform
[2017.12.23-13.12.46:509][  0]LogTemp: Display: Loaded TP TVOSTargetPlatform
[2017.12.23-13.12.46:574][  0]LogTemp: Display: Loaded TP LinuxClientTargetPlatform
[2017.12.23-13.12.46:640][  0]LogTemp: Display: Loaded TP LinuxNoEditorTargetPlatform
[2017.12.23-13.12.46:706][  0]LogTemp: Display: Loaded TP LinuxServerTargetPlatform
[2017.12.23-13.12.46:774][  0]LogTemp: Display: Loaded TP LinuxTargetPlatform
[2017.12.23-13.12.46:774][  0]LogTargetPlatformManager: Display: Building Assets For Windows
[2017.12.23-13.12.47:396][  0]LogDerivedDataCache: Display: Max Cache Size: 512 MB
[2017.12.23-13.12.47:535][  0]LogDerivedDataCache: Loaded boot cache 0.14s 78MB C:/Users/holmr/AppData/Local/UnrealEngine/4.18/DerivedDataCache/Boot.ddc.
[2017.12.23-13.12.47:536][  0]LogDerivedDataCache: Display: Loaded Boot cache: C:/Users/holmr/AppData/Local/UnrealEngine/4.18/DerivedDataCache/Boot.ddc
[2017.12.23-13.12.47:536][  0]LogDerivedDataCache: FDerivedDataBackendGraph:  Pak pak cache file ../../../../../../Unreal Projects/GitDDProjekt/DDProjekt/DDProjektGit/DerivedDataCache/DDC.ddp not found, will not use a pak cache.
[2017.12.23-13.12.47:536][  0]LogDerivedDataCache: Unable to find inner node Pak for hierarchical cache Hierarchy.
[2017.12.23-13.12.47:536][  0]LogDerivedDataCache: FDerivedDataBackendGraph:  CompressedPak pak cache file ../../../../../../Unreal Projects/GitDDProjekt/DDProjekt/DDProjektGit/DerivedDataCache/Compressed.ddp not found, will not use a pak cache.
[2017.12.23-13.12.47:536][  0]LogDerivedDataCache: Unable to find inner node CompressedPak for hierarchical cache Hierarchy.
[2017.12.23-13.12.47:559][  0]LogDerivedDataCache: Display: Pak cache opened for reading ../../../Engine/DerivedDataCache/Compressed.ddp.
[2017.12.23-13.12.47:573][  0]LogDerivedDataCache: Using Local data cache path C:/Users/holmr/AppData/Local/UnrealEngine/Common/DerivedDataCache: Writable
[2017.12.23-13.12.47:588][  0]LogMaterial: Verifying Global Shaders for PCD3D_SM5
[2017.12.23-13.12.47:589][  0]LogSlate: Using Freetype 2.6.0
[2017.12.23-13.12.47:589][  0]LogSlate: SlateFontCache - WITH_FREETYPE: 1, WITH_HARFBUZZ: 1
[2017.12.23-13.12.47:589][  0]LogSlate: SlateFontCache - WITH_FREETYPE: 1, WITH_HARFBUZZ: 1
[2017.12.23-13.12.48:080][  0]LogInit: Selected Device Profile: [Windows]
[2017.12.23-13.12.48:528][  0]LogSimplygon: Simplygon DLL not present - disabling.
[2017.12.23-13.12.48:582][  0]LogMeshReduction: Using SimplygonSwarm for distributed automatic mesh merging
[2017.12.23-13.12.48:582][  0]LogMeshReduction: Using QuadricMeshReduction for automatic static mesh reduction
[2017.12.23-13.12.48:582][  0]LogMeshReduction: No automatic skeletal mesh reduction module available
[2017.12.23-13.12.48:582][  0]LogMeshReduction: No automatic mesh merging module available
[2017.12.23-13.12.48:582][  0]LogMeshMerging: No automatic mesh merging module available
[2017.12.23-13.12.48:621][  0]LogNetVersion: DDProjektGit , NetCL: 3709383, EngineNetVer: 2, GameNetVer: 0 (Checksum: 64005606)
[2017.12.23-13.12.48:840][  0]LogAssetRegistry: FAssetRegistry took 0.0286 seconds to start up
[2017.12.23-13.12.49:548][  0]LogPackageLocalizationCache: Processed 7 localized package path(s) for 1 prioritized culture(s) in 0.054442 seconds
[2017.12.23-13.12.49:557][  0]LogUObjectArray: 35900 objects as part of root set at end of initial load.
[2017.12.23-13.12.49:557][  0]LogUObjectAllocator: 7372024 out of 0 bytes used by permanent object pool.
[2017.12.23-13.12.49:557][  0]LogUObjectArray: CloseDisregardForGC: 0/0 objects in disregard for GC pool
[2017.12.23-13.12.49:640][  0]LogInit: WinSock: version 1.1 (2.2), MaxSocks=32767, MaxUdp=65467
[2017.12.23-13.12.53:454][  0]LogTcpMessaging: Initializing TcpMessaging bridge
[2017.12.23-13.12.53:516][  0]LogUdpMessaging: Initializing bridge on interface 0.0.0.0:0 to multicast group 230.0.0.1:6666.
[2017.12.23-13.12.54:411][  0]LogMaterial: Uniform references updated for custom material expression Custom.
[2017.12.23-13.12.54:974][  0]SourceControl: Source control is disabled
[2017.12.23-13.12.54:974][  0]SourceControl: Source control is disabled
[2017.12.23-13.12.55:043][  0]SourceControl: Source control is disabled
[2017.12.23-13.12.55:115][  0]SourceControl: Source control is disabled
[2017.12.23-13.12.56:221][  0]LogAndroidPermission: UAndroidPermissionCallbackProxy::GetInstance
[2017.12.23-13.12.56:583][  0]LogOcInput: OculusInput pre-init called
[2017.12.23-13.12.56:966][  0]LogEngine: Initializing Engine...
[2017.12.23-13.12.56:970][  0]LogHMD: Failed to initialize OpenVR with code 110
[2017.12.23-13.12.57:272][  0]LogStats: UGameplayTagsManager::ConstructGameplayTagTree: Construct from data asset -  0.000 s
[2017.12.23-13.12.57:272][  0]LogStats: UGameplayTagsManager::ConstructGameplayTagTree: GameplayTagTreeChangedEvent.Broadcast -  0.000 s
[2017.12.23-13.12.57:458][  0]LogAIModule: Creating AISystem for world Untitled
[2017.12.23-13.12.57:486][  0]LogInit: XAudio2 using 'Lautsprecher (Realtek High Definition Audio)' : 2 channels at 48 kHz using 32 bits per sample (channel mask 0x3)
[2017.12.23-13.12.57:548][  0]LogInit: FAudioDevice initialized.
[2017.12.23-13.12.57:668][  0]LogDerivedDataCache: Saved boot cache 0.12s 78MB C:/Users/holmr/AppData/Local/UnrealEngine/4.18/DerivedDataCache/Boot.ddc.
[2017.12.23-13.12.57:694][  0]LogInit: Texture streaming: Enabled
[2017.12.23-13.12.57:826][  0]LogEngineSessionManager: EngineSessionManager initialized
[2017.12.23-13.12.58:002][  0]LogInit: Transaction tracking system initialized
[2017.12.23-13.12.58:439][  0]BlueprintLog: New page: Editor Load
[2017.12.23-13.12.59:714][  0]LocalizationService: Localization service is disabled
[2017.12.23-13.13.00:723][  0]LogConsoleResponse: Display: 
[2017.12.23-13.13.00:938][  0]LogFileCache: Scanning file cache for directory 'F:/Unreal Projects/GitDDProjekt/DDProjekt/DDProjektGit/Content/' took 0.01s
[2017.12.23-13.13.00:938][  0]LogCook: Display: Max memory allowance for cook 16384mb min free memory 0mb
[2017.12.23-13.13.00:938][  0]LogCook: Display: Mobile HDR setting 1
[2017.12.23-13.13.00:938][  0]LogGameplayTags: Display: UGameplayTagsManager::DoneAddingNativeTags. DelegateIsBound: 0
[2017.12.23-13.13.02:579][  0]SourceControl: Source control is disabled
[2017.12.23-13.13.02:579][  0]Cmd: MAP LOAD FILE="../../../Engine/Content/Maps/Templates/Template_Default.umap" TEMPLATE=1 SHOWPROGRESS=1 FEATURELEVEL=3
[2017.12.23-13.13.02:580][  0]LightingResults: New page: Lighting Build
[2017.12.23-13.13.02:637][  0]MapCheck: New page: Map Check
[2017.12.23-13.13.02:637][  0]LightingResults: New page: Lighting Build
[2017.12.23-13.13.02:943][  0]LogAIModule: Creating AISystem for world Untitled_1
[2017.12.23-13.13.02:951][  0]LogEditorServer: Finished looking for orphan Actors (0.000 secs)
[2017.12.23-13.13.02:969][  0]Cmd: MAP CHECKDEP NOCLEARLOG
[2017.12.23-13.13.03:014][  0]MapCheck: Map check complete: 0 Error(s), 0 Warning(s), took 45.08ms to complete.
[2017.12.23-13.13.03:015][  0]LogFileHelpers: Loading map 'Template_Default' took 0.435
[2017.12.23-13.13.03:254][  0]LogCollectionManager: Loaded 0 collections in 0.003460 seconds
[2017.12.23-13.13.03:365][  0]LogFileCache: Scanning file cache for directory 'F:/Unreal Projects/GitDDProjekt/DDProjekt/DDProjektGit/Saved/Collections/' took 0.01s
[2017.12.23-13.13.03:365][  0]LogFileCache: Scanning file cache for directory 'F:/Unreal Projects/GitDDProjekt/DDProjekt/DDProjektGit/Content/Developers/holmr/Collections/' took 0.01s
[2017.12.23-13.13.03:365][  0]LogFileCache: Scanning file cache for directory 'F:/Unreal Projects/GitDDProjekt/DDProjekt/DDProjektGit/Content/Collections/' took 0.01s
[2017.12.23-13.13.03:365][  0]LogCollectionManager: Rebuilt the GUID cache for 0 collections in 0.000001 seconds
[2017.12.23-13.13.03:378][  0]LogContentBrowser: Native class hierarchy populated in 0.0126 seconds. Added 2363 classes and 519 folders.
[2017.12.23-13.13.03:468][  0]LogContentBrowser: Native class hierarchy updated for 'WidgetCarousel' in 0.0004 seconds. Added 0 classes and 0 folders.
[2017.12.23-13.13.03:509][  0]LogContentBrowser: Native class hierarchy updated for 'AddContentDialog' in 0.0003 seconds. Added 0 classes and 0 folders.
[2017.12.23-13.13.03:569][  0]LogContentBrowser: Native class hierarchy updated for 'SceneOutliner' in 0.0004 seconds. Added 1 classes and 2 folders.
[2017.12.23-13.13.03:598][  0]LogSlate: Took 0.000584 seconds to synchronously load lazily loaded font '../../../Engine/Content/Slate/Fonts/Roboto-Regular.ttf' (155K)
[2017.12.23-13.13.03:601][  0]LogSlate: Took 0.000338 seconds to synchronously load lazily loaded font '../../../Engine/Content/Slate/Fonts/Roboto-Bold.ttf' (160K)
[2017.12.23-13.13.03:611][  0]LogSlate: Took 0.000487 seconds to synchronously load lazily loaded font '../../../Engine/Content/Editor/Slate/Fonts/FontAwesome.ttf' (139K)
[2017.12.23-13.13.03:742][  0]LogRenderer: Reallocating scene render targets to support 1208x576 Format 10 NumSamples 1 (Frame:1).
[2017.12.23-13.13.04:020][  0]LogContentBrowser: Native class hierarchy updated for 'HierarchicalLODOutliner' in 0.0004 seconds. Added 1 classes and 2 folders.
[2017.12.23-13.13.04:020][  0]LogLoad: (Engine Initialization) Total time: 24.60 seconds
[2017.12.23-13.13.04:020][  0]LogLoad: (Engine Initialization) Total Blueprint compile time: 0.00 seconds
[2017.12.23-13.13.04:020][  0]LogExternalProfiler: No external profilers were discovered.  External profiling features will not be available.
[2017.12.23-13.13.04:030][  0]LogWindowsTextInputMethodSystem: Display: IME system now deactivated.
[2017.12.23-13.13.04:051][  0]LogContentStreaming: Texture pool size now 1000 MB
[2017.12.23-13.13.04:085][  1]LogAssetRegistry: Asset discovery search completed in 15.2674 seconds
[2017.12.23-13.13.04:086][  1]LogCollectionManager: Rebuilt the object cache for 0 collections in 0.000001 seconds (found 0 objects)
[2017.12.23-13.13.04:086][  1]LogCollectionManager: Fixed up redirectors for 0 collections in 0.000084 seconds (updated 0 objects)
[2017.12.23-13.14.27:110][911]SourceControl: On branch master
[2017.12.23-13.14.27:111][911]SourceControl: Untracked files:
[2017.12.23-13.14.27:111][911]SourceControl:   (use "git add <file>..." to include in what will be committed)
[2017.12.23-13.14.27:111][911]SourceControl: 	DDProjektGit/
[2017.12.23-13.14.27:111][911]SourceControl: nothing added to commit but untracked files present (use "git add" to track)
[2017.12.23-13.17.11:980][843]LogSlate: Took 0.000288 seconds to synchronously load lazily loaded font '../../../Engine/Content/Slate/Fonts/Roboto-Light.ttf' (159K)
[2017.12.23-13.17.29:401][675]LogEditorViewport: Clicking on Actor (context menu): StaticMeshActor (Floor)
[2017.12.23-13.17.31:091][751]LogEditorViewport: Clicking on Actor (LMB): StaticMeshActor (Floor)
[2017.12.23-13.17.31:835][808]Cmd: DELETE
[2017.12.23-13.17.31:835][808]Cmd: ACTOR DELETE
[2017.12.23-13.17.31:943][808]LogEditorActor: Deleted Actor: StaticMeshActor
[2017.12.23-13.17.31:983][808]LogEditorActor: Deleted 1 Actors (0.088 secs)
[2017.12.23-13.17.32:218][831]SourceControl: Error: fatal: Invalid path '/Temp': No such file or directory
[2017.12.23-13.17.39:130][486]LogEditorActor: Deleted Actor: AtmosphericFog
[2017.12.23-13.17.39:133][486]LogEditorActor: Actor Light Source is referenced by Sky Sphere.
[2017.12.23-13.17.40:678][486]LogEditorActor: Deleted Actor: DirectionalLight
[2017.12.23-13.17.40:679][486]LogEditorActor: Deleted Actor: PlayerStart
[2017.12.23-13.17.40:679][486]LogEditorActor: Deleted Actor: BP_Sky_Sphere_C
[2017.12.23-13.17.40:679][486]LogEditorActor: Deleted Actor: SkyLight
[2017.12.23-13.17.40:679][486]LogEditorActor: Deleted Actor: SphereReflectionCapture
[2017.12.23-13.17.40:697][486]LogEditorActor: Deleted 6 Actors (1.570 secs)
[2017.12.23-13.17.55:918][855]SourceControl: Error: fatal: Invalid path '/Temp': No such file or directory
[2017.12.23-13.17.55:946][855]LogSlate: Took 0.000275 seconds to synchronously load lazily loaded font '../../../Engine/Content/Slate/Fonts/Roboto-Light.ttf' (159K)
[2017.12.23-13.18.03:824][855]Cmd: OBJ SAVEPACKAGE PACKAGE="/Game/Level/TestMap" FILE="../../../../../../Unreal Projects/GitDDProjekt/DDProjekt/DDProjektGit/Content/Level/TestMap.umap" SILENT=true AUTOSAVING=false KEEPDIRTY=false
[2017.12.23-13.18.03:874][855]LogSavePackage: Save=30.11ms
[2017.12.23-13.18.03:874][855]LogSavePackage: Moving '../../../../../../Unreal Projects/GitDDProjekt/DDProjekt/DDProjektGit/Saved/TestMapE617AA5C41D0C543C9A0A08D4F5344FD.tmp' to '../../../../../../Unreal Projects/GitDDProjekt/DDProjekt/DDProjektGit/Content/Level/TestMap.umap'
[2017.12.23-13.18.03:879][855]LogSavePackage: Display: Finished SavePackage ../../../../../../Unreal Projects/GitDDProjekt/DDProjekt/DDProjektGit/Content/Level/TestMap.umap
[2017.12.23-13.18.04:317][855]LogFileHelpers: Saving map 'TestMap' took 0.556
[2017.12.23-13.18.04:504][863]SourceControl: Error: fatal: Invalid path '/Temp': No such file or directory
[2017.12.23-13.18.09:428][362]SourceControl: fatal: F:/Program Files/Epic Games/UE_4.18/Engine/Content/: 'F:/Program Files/Epic Games/UE_4.18/Engine/Content/' is outside repository
[2017.12.23-13.18.09:536][362]LogPackageName: Error: Illegal call to DoesPackageExist: '../../../../../../Unreal Projects/GitDDProjekt/DDProjekt/DDProjektGit/DDProjektGit.uproject' is not a standard unreal filename or a long path name. Reason: Path should be no less than 4 characters long.
[2017.12.23-13.18.16:331][362]LogStats: FPlatformStackWalk::StackWalkAndDump -  6.795 s
[2017.12.23-13.18.16:331][362]LogOutputDevice: Error: === Handled ensure: ===
[2017.12.23-13.18.16:331][362]LogOutputDevice: Error: 
[2017.12.23-13.18.16:331][362]LogOutputDevice: Error: Ensure condition failed: false [File:D:\Build\++UE4+Release-4.18+Compile\Sync\Engine\Source\Runtime\CoreUObject\Private\Misc\PackageName.cpp] [Line: 810]
[2017.12.23-13.18.16:331][362]LogOutputDevice: Error: Illegal call to DoesPackageExist: '../../../../../../Unreal Projects/GitDDProjekt/DDProjekt/DDProjektGit/DDProjektGit.uproject' is not a standard unreal filename or a long path name. Reason: Path should be no less than 4 characters long.
[2017.12.23-13.18.16:331][362]LogOutputDevice: Error: Stack: 
[2017.12.23-13.18.16:331][362]LogOutputDevice: Error: [Callstack] 0x000000003C392786 UE4Editor-Core.dll!FWindowsPlatformStackWalk::StackWalkAndDump() [d:\build\++ue4+release-4.18+compile\sync\engine\source\runtime\core\private\windows\windowsplatformstackwalk.cpp:200]
[2017.12.23-13.18.16:332][362]LogOutputDevice: Error: [Callstack] 0x000000003C13123A UE4Editor-Core.dll!FDebug::EnsureFailed() [d:\build\++ue4+release-4.18+compile\sync\engine\source\runtime\core\private\misc\assertionmacros.cpp:298]
[2017.12.23-13.18.16:332][362]LogOutputDevice: Error: [Callstack] 0x000000003C14B906 UE4Editor-Core.dll!FDebug::OptionallyLogFormattedEnsureMessageReturningFalse() [d:\build\++ue4+release-4.18+compile\sync\engine\source\runtime\core\private\misc\assertionmacros.cpp:425]
[2017.12.23-13.18.16:332][362]LogOutputDevice: Error: [Callstack] 0x0000000038C48B45 UE4Editor-CoreUObject.dll!FPackageName::DoesPackageExist() [d:\build\++ue4+release-4.18+compile\sync\engine\source\runtime\coreuobject\private\misc\packagename.cpp:810]
[2017.12.23-13.18.16:332][362]LogOutputDevice: Error: [Callstack] 0x000000004D4A76B2 UE4Editor-SourceControl.dll!PackageFilename_Internal() [d:\build\++ue4+release-4.18+compile\sync\engine\source\developer\sourcecontrol\private\sourcecontrolhelpers.cpp:53]
[2017.12.23-13.18.16:332][362]LogOutputDevice: Error: [Callstack] 0x000000004D4A7847 UE4Editor-SourceControl.dll!USourceControlHelpers::PackageFilenames() [d:\build\++ue4+release-4.18+compile\sync\engine\source\developer\sourcecontrol\private\sourcecontrolhelpers.cpp:104]
[2017.12.23-13.18.16:332][362]LogOutputDevice: Error: [Callstack] 0x00000000309A85AE UE4Editor-SourceControlWindows.dll!FSourceControlWindows::PromptForCheckin() [d:\build\++ue4+release-4.18+compile\sync\engine\source\editor\sourcecontrolwindows\private\ssourcecontrolsubmit.cpp:624]
[2017.12.23-13.18.16:332][362]LogOutputDevice: Error: [Callstack] 0x0000000030964475 UE4Editor-SourceControlWindows.dll!FSourceControlWindows::ChoosePackagesToCheckInCompleted() [d:\build\++ue4+release-4.18+compile\sync\engine\source\editor\sourcecontrolwindows\private\ssourcecontrolsubmit.cpp:483]
[2017.12.23-13.18.16:332][362]LogOutputDevice: Error: [Callstack] 0x0000000030963A4D UE4Editor-SourceControlWindows.dll!FSourceControlWindows::ChoosePackagesToCheckInCallback() [d:\build\++ue4+release-4.18+compile\sync\engine\source\editor\sourcecontrolwindows\private\ssourcecontrolsubmit.cpp:547]
[2017.12.23-13.18.16:332][362]LogOutputDevice: Error: [Callstack] 0x0000000030978AA4 UE4Editor-SourceControlWindows.dll!TBaseStaticDelegateInstance<void __cdecl(TSharedRef<ISourceControlOperation,1> const & __ptr64,enum ECommandResult::Type)>::ExecuteIfSafe() [d:\build\++ue4+release-4.18+compile\sync\engine\source\runtime\core\public\delegates\delegateinstancesimpl.h:1027]
[2017.12.23-13.18.16:332][362]LogOutputDevice: Error: [Callstack] 0x00000000284E39D9 UE4Editor-GitSourceControl.dll!FGitSourceControlProvider::Tick() [d:\build\++ue4+release-4.18+compile\sync\engine\plugins\developer\gitsourcecontrol\source\gitsourcecontrol\private\gitsourcecontrolprovider.cpp:305]
[2017.12.23-13.18.16:332][362]LogOutputDevice: Error: [Callstack] 0x000000004D4AC5BC UE4Editor-SourceControl.dll!FSourceControlModule::Tick() [d:\build\++ue4+release-4.18+compile\sync\engine\source\developer\sourcecontrol\private\sourcecontrolmodule.cpp:242]
[2017.12.23-13.18.16:332][362]LogOutputDevice: Error: [Callstack] 0x00000000373872EB UE4Editor-UnrealEd.dll!UEditorEngine::Tick() [d:\build\++ue4+release-4.18+compile\sync\engine\source\editor\unrealed\private\editorengine.cpp:1834]
[2017.12.23-13.18.16:332][362]LogOutputDevice: Error: [Callstack] 0x0000000037C34AC6 UE4Editor-UnrealEd.dll!UUnrealEdEngine::Tick() [d:\build\++ue4+release-4.18+compile\sync\engine\source\editor\unrealed\private\unrealedengine.cpp:396]
[2017.12.23-13.18.16:332][362]LogOutputDevice: Error: [Callstack] 0x000000006E7A5A26 UE4Editor.exe!FEngineLoop::Tick() [d:\build\++ue4+release-4.18+compile\sync\engine\source\runtime\launch\private\launchengineloop.cpp:3296]
[2017.12.23-13.18.16:332][362]LogOutputDevice: Error: [Callstack] 0x000000006E7B5430 UE4Editor.exe!GuardedMain() [d:\build\++ue4+release-4.18+compile\sync\engine\source\runtime\launch\private\launch.cpp:166]
[2017.12.23-13.18.16:332][362]LogOutputDevice: Error: [Callstack] 0x000000006E7B54AA UE4Editor.exe!GuardedMainWrapper() [d:\build\++ue4+release-4.18+compile\sync\engine\source\runtime\launch\private\windows\launchwindows.cpp:134]
[2017.12.23-13.18.16:332][362]LogOutputDevice: Error: [Callstack] 0x000000006E7C2379 UE4Editor.exe!WinMain() [d:\build\++ue4+release-4.18+compile\sync\engine\source\runtime\launch\private\windows\launchwindows.cpp:210]
[2017.12.23-13.18.16:332][362]LogOutputDevice: Error: [Callstack] 0x000000006E7C3D57 UE4Editor.exe!__scrt_common_main_seh() [f:\dd\vctools\crt\vcstartup\src\startup\exe_common.inl:253]
[2017.12.23-13.18.16:332][362]LogOutputDevice: Error: [Callstack] 0x0000000076551FE4 KERNEL32.DLL!UnknownFunction []
[2017.12.23-13.18.16:332][362]LogOutputDevice: Error: [Callstack] 0x000000007707EF91 ntdll.dll!UnknownFunction []
[2017.12.23-13.18.16:332][362]LogOutputDevice: Error: 
[2017.12.23-13.18.16:333][362]LogStats:                SubmitErrorReport -  0.000 s
[2017.12.23-13.18.16:665][362]LogStats:                    SendNewReport -  0.333 s
[2017.12.23-13.18.16:665][362]LogStats:             FDebug::EnsureFailed -  7.129 s
